==> Preparing data..
Files already downloaded and verified
Files already downloaded and verified
==> Building model..

Epoch: 0
train acc 40.906
 test acc 51.490
Saving..

Epoch: 1
train acc 59.664
 test acc 60.780
Saving..

Epoch: 2
train acc 68.730
 test acc 71.130
Saving..

Epoch: 3
train acc 74.298
 test acc 74.920
Saving..

Epoch: 4
train acc 77.970
 test acc 73.400

Epoch: 5
train acc 80.560
 test acc 78.030
Saving..

Epoch: 6
train acc 82.674
 test acc 79.100
Saving..

Epoch: 7
train acc 84.172
 test acc 83.650
Saving..

Epoch: 8
train acc 85.462
 test acc 78.990

Epoch: 9
train acc 86.546
 test acc 85.060
Saving..

Epoch: 10
train acc 87.766
 test acc 84.930

Epoch: 11
train acc 88.138
 test acc 83.530

Epoch: 12
train acc 89.150
 test acc 86.090
Saving..

Epoch: 13
train acc 89.408
 test acc 86.720
Saving..

Epoch: 14
train acc 89.990
 test acc 85.620

Epoch: 15
train acc 90.670
 test acc 86.100

Epoch: 16
train acc 91.012
 test acc 87.270
Saving..

Epoch: 17
train acc 91.502
 test acc 86.690

Epoch: 18
train acc 91.896
 test acc 86.380

Epoch: 19
train acc 92.408
 test acc 87.590
Saving..

Epoch: 20
train acc 92.424
 test acc 88.980
Saving..

Epoch: 21
train acc 92.860
 test acc 89.250
Saving..

Epoch: 22
train acc 93.382
 test acc 87.130

Epoch: 23
train acc 93.564
 test acc 89.800
Saving..

Epoch: 24
train acc 93.788
 test acc 87.810

Epoch: 25
train acc 94.222
 test acc 89.380

Epoch: 26
train acc 94.202
 test acc 88.510

Epoch: 27
train acc 94.564
 test acc 89.770

Epoch: 28
train acc 94.768
 test acc 90.220
Saving..

Epoch: 29
train acc 94.844
 test acc 89.130

Epoch: 30
train acc 95.148
 test acc 89.360

Epoch: 31
train acc 95.460
 test acc 90.070

Epoch: 32
train acc 95.360
 test acc 88.890

Epoch: 33
train acc 95.640
 test acc 90.060

Epoch: 34
train acc 95.662
 test acc 89.180

Epoch: 35
train acc 95.646
 test acc 89.650

Epoch: 36
train acc 95.958
 test acc 88.570

Epoch: 37
train acc 96.092
 test acc 89.230

Epoch: 38
train acc 96.220
 test acc 89.290

Epoch: 39
train acc 96.204
 test acc 89.720

Epoch: 40
train acc 96.214
 test acc 90.230
Saving..

Epoch: 41
train acc 96.562
 test acc 90.100

Epoch: 42
train acc 96.350
 test acc 88.960

Epoch: 43
train acc 96.590
 test acc 87.910

Epoch: 44
train acc 96.848
 test acc 90.290
Saving..

Epoch: 45
train acc 96.520
 test acc 90.930
Saving..

Epoch: 46
train acc 96.874
 test acc 88.420

Epoch: 47
train acc 96.836
 test acc 90.890

Epoch: 48
train acc 96.836
 test acc 90.360

Epoch: 49
train acc 96.808
 test acc 89.330

Epoch: 50
train acc 96.908
 test acc 91.020
Saving..

Epoch: 51
train acc 97.108
 test acc 89.310

Epoch: 52
train acc 97.060
 test acc 90.550

Epoch: 53
train acc 97.096
 test acc 91.000

Epoch: 54
train acc 97.258
 test acc 90.880

Epoch: 55
train acc 97.150
 test acc 90.100

Epoch: 56
train acc 97.066
 test acc 90.340

Epoch: 57
train acc 97.086
 test acc 89.440

Epoch: 58
train acc 97.278
 test acc 90.420

Epoch: 59
train acc 97.366
 test acc 90.860

Epoch: 60
train acc 97.386
 test acc 90.290

Epoch: 61
train acc 97.372
 test acc 90.820

Epoch: 62
train acc 97.602
 test acc 91.830
Saving..

Epoch: 63
train acc 97.406
 test acc 90.440

Epoch: 64
train acc 97.488
 test acc 91.020

Epoch: 65
train acc 97.418
 test acc 91.450

Epoch: 66
train acc 97.710
 test acc 90.710

Epoch: 67
train acc 97.698
 test acc 91.640

Epoch: 68
train acc 97.578
 test acc 89.510

Epoch: 69
train acc 97.442
 test acc 89.050

Epoch: 70
train acc 97.666
 test acc 89.810

Epoch: 71
train acc 97.596
 test acc 90.190

Epoch: 72
train acc 97.292
 test acc 91.080

Epoch: 73
train acc 97.656
 test acc 90.660

Epoch: 74
train acc 97.522
 test acc 89.780

Epoch: 75
train acc 97.802
 test acc 90.210

Epoch: 76
train acc 97.560
 test acc 89.410

Epoch: 77
train acc 97.744
 test acc 89.910

Epoch: 78
train acc 97.666
 test acc 89.500

Epoch: 79
train acc 97.792
 test acc 90.790

Epoch: 80
train acc 97.870
 test acc 90.250

Epoch: 81
train acc 97.510
 test acc 90.930

Epoch: 82
train acc 97.836
 test acc 91.390

Epoch: 83
train acc 97.744
 test acc 91.260

Epoch: 84
train acc 97.780
 test acc 91.790

Epoch: 85
train acc 97.924
 test acc 90.900

Epoch: 86
train acc 97.898
 test acc 90.150

Epoch: 87
train acc 97.938
 test acc 91.160

Epoch: 88
train acc 97.818
 test acc 90.310

Epoch: 89
train acc 97.970
 test acc 91.300

Epoch: 90
train acc 97.798
 test acc 91.010

Epoch: 91
train acc 97.784
 test acc 89.450

Epoch: 92
train acc 97.984
 test acc 91.230

Epoch: 93
train acc 97.962
 test acc 90.970

Epoch: 94
train acc 97.812
 test acc 90.950

Epoch: 95
train acc 97.968
 test acc 91.760

Epoch: 96
train acc 98.130
 test acc 90.530

Epoch: 97
train acc 97.978
 test acc 91.170

Epoch: 98
train acc 97.978
 test acc 90.060

Epoch: 99
train acc 97.836
 test acc 89.360

Epoch: 100
train acc 97.872
 test acc 90.390

Epoch: 101
train acc 98.080
 test acc 90.830

Epoch: 102
train acc 97.962
 test acc 90.350

Epoch: 103
train acc 98.048
 test acc 90.160

Epoch: 104
train acc 98.012
 test acc 90.710

Epoch: 105
train acc 97.948
 test acc 91.030

Epoch: 106
train acc 97.912
 test acc 91.150

Epoch: 107
train acc 98.108
 test acc 91.120

Epoch: 108
train acc 97.884
 test acc 91.540

Epoch: 109
train acc 98.086
 test acc 91.740

Epoch: 110
train acc 98.066
 test acc 91.470

Epoch: 111
train acc 97.800
 test acc 90.660

Epoch: 112
train acc 98.204
 test acc 90.890

Epoch: 113
train acc 98.132
 test acc 92.000
Saving..

Epoch: 114
train acc 98.044
 test acc 90.140

Epoch: 115
train acc 98.174
 test acc 92.060
Saving..

Epoch: 116
train acc 98.236
 test acc 90.920

Epoch: 117
train acc 98.064
 test acc 91.300

Epoch: 118
train acc 98.064
 test acc 91.270

Epoch: 119
train acc 98.032
 test acc 91.220

Epoch: 120
train acc 98.254
 test acc 91.900

Epoch: 121
train acc 98.050
 test acc 91.250

Epoch: 122
train acc 98.226
 test acc 91.980

Epoch: 123
train acc 98.336
 test acc 91.700

Epoch: 124
train acc 98.016
 test acc 89.790

Epoch: 125
train acc 98.134
 test acc 90.420

Epoch: 126
train acc 98.094
 test acc 91.500

Epoch: 127
train acc 98.214
 test acc 90.940

Epoch: 128
train acc 98.238
 test acc 90.910

Epoch: 129
train acc 98.168
 test acc 91.650

Epoch: 130
train acc 98.304
 test acc 90.820

Epoch: 131
train acc 98.276
 test acc 91.430

Epoch: 132
train acc 98.204
 test acc 89.350

Epoch: 133
train acc 98.264
 test acc 92.430
Saving..

Epoch: 134
train acc 98.268
 test acc 91.260

Epoch: 135
train acc 98.064
 test acc 90.330

Epoch: 136
train acc 98.348
 test acc 91.940

Epoch: 137
train acc 98.164
 test acc 91.230

Epoch: 138
train acc 98.326
 test acc 91.850

Epoch: 139
train acc 98.352
 test acc 91.400

Epoch: 140
train acc 98.174
 test acc 91.150

Epoch: 141
train acc 98.230
 test acc 91.730

Epoch: 142
train acc 98.058
 test acc 91.200

Epoch: 143
train acc 98.228
 test acc 90.800

Epoch: 144
train acc 98.264
 test acc 90.830

Epoch: 145
train acc 98.304
 test acc 91.330

Epoch: 146
train acc 98.324
 test acc 91.200

Epoch: 147
train acc 98.158
 test acc 91.280

Epoch: 148
train acc 98.326
 test acc 92.630
Saving..

Epoch: 149
train acc 98.328
 test acc 91.690

Epoch: 150
train acc 99.428
 test acc 94.010
Saving..

Epoch: 151
train acc 99.810
 test acc 94.060
Saving..

Epoch: 152
train acc 99.868
 test acc 94.380
Saving..

Epoch: 153
train acc 99.900
 test acc 94.280

Epoch: 154
train acc 99.906
 test acc 94.360

Epoch: 155
train acc 99.924
 test acc 94.460
Saving..

Epoch: 156
train acc 99.944
 test acc 94.540
Saving..

Epoch: 157
train acc 99.948
 test acc 94.460

Epoch: 158
train acc 99.952
 test acc 94.630
Saving..

Epoch: 159
train acc 99.952
 test acc 94.470

Epoch: 160
train acc 99.960
 test acc 94.530

Epoch: 161
train acc 99.958
 test acc 94.500

Epoch: 162
train acc 99.954
 test acc 94.540

Epoch: 163
train acc 99.966
 test acc 94.700
Saving..

Epoch: 164
train acc 99.976
 test acc 94.590

Epoch: 165
train acc 99.962
 test acc 94.700

Epoch: 166
train acc 99.974
 test acc 94.660

Epoch: 167
train acc 99.972
 test acc 94.770
Saving..

Epoch: 168
train acc 99.974
 test acc 94.640

Epoch: 169
train acc 99.980
 test acc 94.620

Epoch: 170
train acc 99.978
 test acc 94.670

Epoch: 171
train acc 99.982
 test acc 94.560

Epoch: 172
train acc 99.988
 test acc 94.630

Epoch: 173
train acc 99.992
 test acc 94.790
Saving..

Epoch: 174
train acc 99.976
 test acc 94.680

Epoch: 175
train acc 99.978
 test acc 94.680

Epoch: 176
train acc 99.990
 test acc 94.610

Epoch: 177
train acc 99.974
 test acc 94.650

Epoch: 178
train acc 99.994
 test acc 94.640

Epoch: 179
train acc 99.982
 test acc 94.580

Epoch: 180
train acc 99.980
 test acc 94.500

Epoch: 181
train acc 99.992
 test acc 94.570

Epoch: 182
train acc 99.986
 test acc 94.590

Epoch: 183
train acc 99.986
 test acc 94.620

Epoch: 184
train acc 99.984
 test acc 94.570

Epoch: 185
train acc 99.988
 test acc 94.550

Epoch: 186
train acc 99.988
 test acc 94.490

Epoch: 187
train acc 99.996
 test acc 94.600

Epoch: 188
train acc 99.996
 test acc 94.680

Epoch: 189
train acc 99.988
 test acc 94.670

Epoch: 190
train acc 99.996
 test acc 94.700

Epoch: 191
train acc 99.994
 test acc 94.630

Epoch: 192
train acc 99.984
 test acc 94.730

Epoch: 193
train acc 99.986
 test acc 94.740

Epoch: 194
train acc 99.996
 test acc 94.780

Epoch: 195
train acc 99.988
 test acc 94.880
Saving..

Epoch: 196
train acc 99.982
 test acc 94.830

Epoch: 197
train acc 99.996
 test acc 94.900
Saving..

Epoch: 198
train acc 99.994
 test acc 94.710

Epoch: 199
train acc 99.992
 test acc 94.870
