==> Preparing data..
Files already downloaded and verified
Files already downloaded and verified
==> Building model..

Epoch: 0
train acc 37.976
 test acc 46.590
Saving..

Epoch: 1
train acc 52.358
 test acc 56.000
Saving..

Epoch: 2
train acc 61.026
 test acc 62.620
Saving..

Epoch: 3
train acc 67.266
 test acc 69.760
Saving..

Epoch: 4
train acc 71.490
 test acc 71.860
Saving..

Epoch: 5
train acc 75.238
 test acc 75.920
Saving..

Epoch: 6
train acc 78.020
 test acc 76.550
Saving..

Epoch: 7
train acc 80.724
 test acc 80.490
Saving..

Epoch: 8
train acc 82.258
 test acc 81.410
Saving..

Epoch: 9
train acc 82.978
 test acc 83.290
Saving..

Epoch: 10
train acc 84.252
 test acc 82.890

Epoch: 11
train acc 84.894
 test acc 83.720
Saving..

Epoch: 12
train acc 85.968
 test acc 84.520
Saving..

Epoch: 13
train acc 86.256
 test acc 85.040
Saving..

Epoch: 14
train acc 87.086
 test acc 85.280
Saving..

Epoch: 15
train acc 87.326
 test acc 85.560
Saving..

Epoch: 16
train acc 87.808
 test acc 85.810
Saving..

Epoch: 17
train acc 88.116
 test acc 85.870
Saving..

Epoch: 18
train acc 88.646
 test acc 86.930
Saving..

Epoch: 19
train acc 89.068
 test acc 87.510
Saving..

Epoch: 20
train acc 89.264
 test acc 87.140

Epoch: 21
train acc 89.252
 test acc 86.650

Epoch: 22
train acc 89.544
 test acc 87.190

Epoch: 23
train acc 89.862
 test acc 88.220
Saving..

Epoch: 24
train acc 90.046
 test acc 86.610

Epoch: 25
train acc 89.998
 test acc 88.370
Saving..

Epoch: 26
train acc 90.232
 test acc 86.720

Epoch: 27
train acc 90.442
 test acc 87.770

Epoch: 28
train acc 90.462
 test acc 87.850

Epoch: 29
train acc 90.702
 test acc 87.430

Epoch: 30
train acc 90.988
 test acc 88.230

Epoch: 31
train acc 91.020
 test acc 88.400
Saving..

Epoch: 32
train acc 90.866
 test acc 88.760
Saving..

Epoch: 33
train acc 91.188
 test acc 88.190

Epoch: 34
train acc 91.194
 test acc 88.630

Epoch: 35
train acc 91.502
 test acc 88.380

Epoch: 36
train acc 91.456
 test acc 88.590

Epoch: 37
train acc 91.520
 test acc 88.940
Saving..

Epoch: 38
train acc 91.658
 test acc 88.520

Epoch: 39
train acc 91.706
 test acc 88.740

Epoch: 40
train acc 91.922
 test acc 88.270

Epoch: 41
train acc 91.938
 test acc 88.880

Epoch: 42
train acc 91.692
 test acc 88.220

Epoch: 43
train acc 92.080
 test acc 88.630

Epoch: 44
train acc 92.062
 test acc 88.800

Epoch: 45
train acc 91.956
 test acc 88.670

Epoch: 46
train acc 92.210
 test acc 88.390

Epoch: 47
train acc 92.002
 test acc 88.650

Epoch: 48
train acc 92.128
 test acc 88.910

Epoch: 49
train acc 92.328
 test acc 88.830

Epoch: 50
train acc 92.254
 test acc 89.270
Saving..

Epoch: 51
train acc 92.362
 test acc 89.190

Epoch: 52
train acc 92.354
 test acc 89.120

Epoch: 53
train acc 92.306
 test acc 88.740

Epoch: 54
train acc 92.388
 test acc 89.210

Epoch: 55
train acc 92.378
 test acc 89.510
Saving..

Epoch: 56
train acc 92.548
 test acc 89.330

Epoch: 57
train acc 92.822
 test acc 89.420

Epoch: 58
train acc 92.424
 test acc 89.330

Epoch: 59
train acc 92.498
 test acc 89.390

Epoch: 60
train acc 92.676
 test acc 88.710

Epoch: 61
train acc 92.574
 test acc 89.260

Epoch: 62
train acc 92.786
 test acc 89.340

Epoch: 63
train acc 93.070
 test acc 89.150

Epoch: 64
train acc 92.678
 test acc 88.990

Epoch: 65
train acc 92.956
 test acc 88.970

Epoch: 66
train acc 92.934
 test acc 89.060

Epoch: 67
train acc 92.870
 test acc 89.570
Saving..

Epoch: 68
train acc 92.788
 test acc 89.390

Epoch: 69
train acc 92.858
 test acc 88.950

Epoch: 70
train acc 92.990
 test acc 89.740
Saving..

Epoch: 71
train acc 93.198
 test acc 89.570

Epoch: 72
train acc 92.840
 test acc 89.250

Epoch: 73
train acc 92.952
 test acc 89.280

Epoch: 74
train acc 92.938
 test acc 89.450

Epoch: 75
train acc 93.026
 test acc 89.570

Epoch: 76
train acc 93.090
 test acc 89.700

Epoch: 77
train acc 93.112
 test acc 89.410

Epoch: 78
train acc 92.706
 test acc 89.470

Epoch: 79
train acc 93.206
 test acc 89.810
Saving..

Epoch: 80
train acc 93.086
 test acc 89.650

Epoch: 81
train acc 93.062
 test acc 89.250

Epoch: 82
train acc 93.150
 test acc 90.020
Saving..

Epoch: 83
train acc 93.236
 test acc 89.750

Epoch: 84
train acc 93.238
 test acc 89.640

Epoch: 85
train acc 93.058
 test acc 90.170
Saving..

Epoch: 86
train acc 93.332
 test acc 89.320

Epoch: 87
train acc 93.334
 test acc 89.270

Epoch: 88
train acc 93.274
 test acc 89.970

Epoch: 89
train acc 93.426
 test acc 90.500
Saving..

Epoch: 90
train acc 93.402
 test acc 90.190

Epoch: 91
train acc 93.350
 test acc 89.450

Epoch: 92
train acc 93.258
 test acc 89.970

Epoch: 93
train acc 93.266
 test acc 89.250

Epoch: 94
train acc 93.454
 test acc 90.160

Epoch: 95
train acc 93.522
 test acc 89.550

Epoch: 96
train acc 93.368
 test acc 89.670

Epoch: 97
train acc 93.208
 test acc 89.650

Epoch: 98
train acc 93.178
 test acc 90.420

Epoch: 99
train acc 93.212
 test acc 89.280

Epoch: 100
train acc 93.304
 test acc 89.910

Epoch: 101
train acc 93.680
 test acc 89.740

Epoch: 102
train acc 93.262
 test acc 90.060

Epoch: 103
train acc 93.270
 test acc 90.470

Epoch: 104
train acc 93.540
 test acc 89.420

Epoch: 105
train acc 93.362
 test acc 90.110

Epoch: 106
train acc 93.328
 test acc 89.620

Epoch: 107
train acc 93.672
 test acc 89.940

Epoch: 108
train acc 93.494
 test acc 90.170

Epoch: 109
train acc 93.388
 test acc 89.670

Epoch: 110
train acc 93.442
 test acc 88.750

Epoch: 111
train acc 93.540
 test acc 90.050

Epoch: 112
train acc 93.754
 test acc 90.280

Epoch: 113
train acc 93.480
 test acc 90.330

Epoch: 114
train acc 93.546
 test acc 89.530

Epoch: 115
train acc 93.586
 test acc 90.040

Epoch: 116
train acc 93.468
 test acc 90.290

Epoch: 117
train acc 93.586
 test acc 89.960

Epoch: 118
train acc 93.314
 test acc 90.320

Epoch: 119
train acc 93.512
 test acc 89.790

Epoch: 120
train acc 93.570
 test acc 90.200

Epoch: 121
train acc 93.758
 test acc 90.220

Epoch: 122
train acc 93.726
 test acc 89.860

Epoch: 123
train acc 93.872
 test acc 89.690

Epoch: 124
train acc 93.506
 test acc 89.900

Epoch: 125
train acc 93.686
 test acc 90.500

Epoch: 126
train acc 93.562
 test acc 89.670

Epoch: 127
train acc 93.736
 test acc 90.780
Saving..

Epoch: 128
train acc 93.748
 test acc 90.310

Epoch: 129
train acc 93.682
 test acc 90.030

Epoch: 130
train acc 93.762
 test acc 89.860

Epoch: 131
train acc 93.668
 test acc 89.900

Epoch: 132
train acc 93.756
 test acc 89.430

Epoch: 133
train acc 93.642
 test acc 89.830

Epoch: 134
train acc 93.628
 test acc 89.910

Epoch: 135
train acc 93.768
 test acc 90.200

Epoch: 136
train acc 93.946
 test acc 89.980

Epoch: 137
train acc 93.700
 test acc 90.200

Epoch: 138
train acc 93.608
 test acc 89.980

Epoch: 139
train acc 93.604
 test acc 89.970

Epoch: 140
train acc 94.096
 test acc 90.090

Epoch: 141
train acc 93.758
 test acc 90.200

Epoch: 142
train acc 93.824
 test acc 89.460

Epoch: 143
train acc 93.776
 test acc 90.690

Epoch: 144
train acc 93.814
 test acc 89.280

Epoch: 145
train acc 93.900
 test acc 89.940

Epoch: 146
train acc 93.762
 test acc 90.120

Epoch: 147
train acc 93.864
 test acc 89.380

Epoch: 148
train acc 93.558
 test acc 90.670

Epoch: 149
train acc 93.808
 test acc 90.470

Epoch: 150
train acc 95.828
 test acc 92.380
Saving..

Epoch: 151
train acc 97.000
 test acc 92.710
Saving..

Epoch: 152
train acc 97.370
 test acc 92.940
Saving..

Epoch: 153
train acc 97.490
 test acc 92.830

Epoch: 154
train acc 97.852
 test acc 92.800

Epoch: 155
train acc 97.882
 test acc 92.930

Epoch: 156
train acc 98.002
 test acc 92.860

Epoch: 157
train acc 98.116
 test acc 93.070
Saving..

Epoch: 158
train acc 98.312
 test acc 92.620

Epoch: 159
train acc 98.414
 test acc 92.620

Epoch: 160
train acc 98.394
 test acc 92.610

Epoch: 161
train acc 98.450
 test acc 92.790

Epoch: 162
train acc 98.524
 test acc 92.620

Epoch: 163
train acc 98.684
 test acc 92.810

Epoch: 164
train acc 98.624
 test acc 92.930

Epoch: 165
train acc 98.766
 test acc 92.560

Epoch: 166
train acc 98.814
 test acc 92.800

Epoch: 167
train acc 98.772
 test acc 92.960

Epoch: 168
train acc 98.906
 test acc 92.810

Epoch: 169
train acc 98.832
 test acc 92.650

Epoch: 170
train acc 98.976
 test acc 92.870

Epoch: 171
train acc 98.928
 test acc 92.950

Epoch: 172
train acc 98.982
 test acc 92.420

Epoch: 173
train acc 99.002
 test acc 92.680

Epoch: 174
train acc 99.116
 test acc 92.500

Epoch: 175
train acc 99.034
 test acc 92.760

Epoch: 176
train acc 98.920
 test acc 92.540

Epoch: 177
train acc 99.110
 test acc 92.460

Epoch: 178
train acc 99.210
 test acc 92.760

Epoch: 179
train acc 99.062
 test acc 92.680

Epoch: 180
train acc 99.154
 test acc 92.310

Epoch: 181
train acc 99.114
 test acc 92.970

Epoch: 182
train acc 99.114
 test acc 92.880

Epoch: 183
train acc 99.122
 test acc 93.060

Epoch: 184
train acc 99.078
 test acc 92.980

Epoch: 185
train acc 99.142
 test acc 92.580

Epoch: 186
train acc 99.208
 test acc 92.640

Epoch: 187
train acc 99.250
 test acc 92.610

Epoch: 188
train acc 99.264
 test acc 92.600

Epoch: 189
train acc 99.160
 test acc 92.540

Epoch: 190
train acc 99.212
 test acc 92.700

Epoch: 191
train acc 99.178
 test acc 92.470

Epoch: 192
train acc 99.286
 test acc 92.720

Epoch: 193
train acc 99.262
 test acc 92.770

Epoch: 194
train acc 99.192
 test acc 92.510

Epoch: 195
train acc 99.212
 test acc 92.560

Epoch: 196
train acc 99.280
 test acc 92.490

Epoch: 197
train acc 99.240
 test acc 92.560

Epoch: 198
train acc 99.232
 test acc 92.700

Epoch: 199
train acc 99.252
 test acc 92.820
